2022-05-30 03:37:12,934 INFO  SLF4JLogger:76 - [] Exception in monitor thread while connecting to server mongodb-project-shard-00-02.xhnuc.mongodb.net:27017
com.mongodb.MongoSocketReadException: Exception receiving message
	at com.mongodb.internal.connection.InternalStreamConnection.translateReadException(InternalStreamConnection.java:707)
	at com.mongodb.internal.connection.InternalStreamConnection.receiveMessageWithAdditionalTimeout(InternalStreamConnection.java:579)
	at com.mongodb.internal.connection.InternalStreamConnection.receiveCommandMessageResponse(InternalStreamConnection.java:415)
	at com.mongodb.internal.connection.InternalStreamConnection.receive(InternalStreamConnection.java:374)
	at com.mongodb.internal.connection.DefaultServerMonitor$ServerMonitorRunnable.lookupServerDescription(DefaultServerMonitor.java:216)
	at com.mongodb.internal.connection.DefaultServerMonitor$ServerMonitorRunnable.run(DefaultServerMonitor.java:152)
	at java.base/java.lang.Thread.run(Thread.java:833)
Caused by: java.net.SocketException: Socket is closed
	at java.base/java.net.Socket.setSoTimeout(Socket.java:1218)
	at java.base/sun.security.ssl.BaseSSLSocketImpl.setSoTimeout(BaseSSLSocketImpl.java:638)
	at java.base/sun.security.ssl.SSLSocketImpl.setSoTimeout(SSLSocketImpl.java:74)
	at com.mongodb.internal.connection.SocketStream.read(SocketStream.java:133)
	at com.mongodb.internal.connection.InternalStreamConnection.receiveResponseBuffers(InternalStreamConnection.java:718)
	at com.mongodb.internal.connection.InternalStreamConnection.receiveMessageWithAdditionalTimeout(InternalStreamConnection.java:576)
	... 5 common frames omitted
2022-05-30 03:37:13,022 INFO  SLF4JLogger:76 - [] Exception in monitor thread while connecting to server mongodb-project-shard-00-00.xhnuc.mongodb.net:27017
com.mongodb.MongoSocketReadException: Exception receiving message
	at com.mongodb.internal.connection.InternalStreamConnection.translateReadException(InternalStreamConnection.java:707)
	at com.mongodb.internal.connection.InternalStreamConnection.receiveMessageWithAdditionalTimeout(InternalStreamConnection.java:579)
	at com.mongodb.internal.connection.InternalStreamConnection.receiveCommandMessageResponse(InternalStreamConnection.java:415)
	at com.mongodb.internal.connection.InternalStreamConnection.receive(InternalStreamConnection.java:374)
	at com.mongodb.internal.connection.DefaultServerMonitor$ServerMonitorRunnable.lookupServerDescription(DefaultServerMonitor.java:216)
	at com.mongodb.internal.connection.DefaultServerMonitor$ServerMonitorRunnable.run(DefaultServerMonitor.java:152)
	at java.base/java.lang.Thread.run(Thread.java:833)
Caused by: java.net.SocketException: Socket is closed
	at java.base/java.net.Socket.setSoTimeout(Socket.java:1218)
	at java.base/sun.security.ssl.BaseSSLSocketImpl.setSoTimeout(BaseSSLSocketImpl.java:638)
	at java.base/sun.security.ssl.SSLSocketImpl.setSoTimeout(SSLSocketImpl.java:74)
	at com.mongodb.internal.connection.SocketStream.read(SocketStream.java:133)
	at com.mongodb.internal.connection.InternalStreamConnection.receiveResponseBuffers(InternalStreamConnection.java:718)
	at com.mongodb.internal.connection.InternalStreamConnection.receiveMessageWithAdditionalTimeout(InternalStreamConnection.java:576)
	... 5 common frames omitted
2022-05-30 03:37:13,175 INFO  SLF4JLogger:71 - [] Opened connection [connectionId{localValue:39, serverValue:245735}] to mongodb-project-shard-00-02.xhnuc.mongodb.net:27017
2022-05-30 03:37:13,176 INFO  SLF4JLogger:71 - [] Monitor thread successfully connected to server with description ServerDescription{address=mongodb-project-shard-00-02.xhnuc.mongodb.net:27017, type=REPLICA_SET_PRIMARY, state=CONNECTED, ok=true, minWireVersion=0, maxWireVersion=13, maxDocumentSize=16777216, logicalSessionTimeoutMinutes=30, roundTripTimeNanos=75120200, setName='atlas-k85k74-shard-0', canonicalAddress=mongodb-project-shard-00-02.xhnuc.mongodb.net:27017, hosts=[mongodb-project-shard-00-00.xhnuc.mongodb.net:27017, mongodb-project-shard-00-01.xhnuc.mongodb.net:27017, mongodb-project-shard-00-02.xhnuc.mongodb.net:27017], passives=[], arbiters=[], primary='mongodb-project-shard-00-02.xhnuc.mongodb.net:27017', tagSet=TagSet{[Tag{name='nodeType', value='ELECTABLE'}, Tag{name='provider', value='AWS'}, Tag{name='region', value='AP_SOUTH_1'}, Tag{name='workloadType', value='OPERATIONAL'}]}, electionId=7fffffff0000000000000056, setVersion=4, topologyVersion=TopologyVersion{processId=628b4bc001fa9257173999f9, counter=6}, lastWriteDate=Mon May 30 03:37:13 IST 2022, lastUpdateTimeNanos=125207236376800}
2022-05-30 03:37:13,176 INFO  SLF4JLogger:71 - [] Discovered replica set primary mongodb-project-shard-00-02.xhnuc.mongodb.net:27017
2022-05-30 03:37:13,247 INFO  SLF4JLogger:76 - [] Exception in monitor thread while connecting to server mongodb-project-shard-00-01.xhnuc.mongodb.net:27017
com.mongodb.MongoSocketReadException: Exception receiving message
	at com.mongodb.internal.connection.InternalStreamConnection.translateReadException(InternalStreamConnection.java:707)
	at com.mongodb.internal.connection.InternalStreamConnection.receiveMessageWithAdditionalTimeout(InternalStreamConnection.java:579)
	at com.mongodb.internal.connection.InternalStreamConnection.receiveCommandMessageResponse(InternalStreamConnection.java:415)
	at com.mongodb.internal.connection.InternalStreamConnection.receive(InternalStreamConnection.java:374)
	at com.mongodb.internal.connection.DefaultServerMonitor$ServerMonitorRunnable.lookupServerDescription(DefaultServerMonitor.java:216)
	at com.mongodb.internal.connection.DefaultServerMonitor$ServerMonitorRunnable.run(DefaultServerMonitor.java:152)
	at java.base/java.lang.Thread.run(Thread.java:833)
Caused by: java.net.SocketException: Socket is closed
	at java.base/java.net.Socket.setSoTimeout(Socket.java:1218)
	at java.base/sun.security.ssl.BaseSSLSocketImpl.setSoTimeout(BaseSSLSocketImpl.java:638)
	at java.base/sun.security.ssl.SSLSocketImpl.setSoTimeout(SSLSocketImpl.java:74)
	at com.mongodb.internal.connection.SocketStream.read(SocketStream.java:133)
	at com.mongodb.internal.connection.InternalStreamConnection.receiveResponseBuffers(InternalStreamConnection.java:718)
	at com.mongodb.internal.connection.InternalStreamConnection.receiveMessageWithAdditionalTimeout(InternalStreamConnection.java:576)
	... 5 common frames omitted
2022-05-30 03:37:13,362 INFO  SLF4JLogger:71 - [] Opened connection [connectionId{localValue:41, serverValue:231599}] to mongodb-project-shard-00-01.xhnuc.mongodb.net:27017
2022-05-30 03:37:13,362 INFO  SLF4JLogger:71 - [] Monitor thread successfully connected to server with description ServerDescription{address=mongodb-project-shard-00-01.xhnuc.mongodb.net:27017, type=REPLICA_SET_SECONDARY, state=CONNECTED, ok=true, minWireVersion=0, maxWireVersion=13, maxDocumentSize=16777216, logicalSessionTimeoutMinutes=30, roundTripTimeNanos=78991200, setName='atlas-k85k74-shard-0', canonicalAddress=mongodb-project-shard-00-01.xhnuc.mongodb.net:27017, hosts=[mongodb-project-shard-00-00.xhnuc.mongodb.net:27017, mongodb-project-shard-00-01.xhnuc.mongodb.net:27017, mongodb-project-shard-00-02.xhnuc.mongodb.net:27017], passives=[], arbiters=[], primary='mongodb-project-shard-00-02.xhnuc.mongodb.net:27017', tagSet=TagSet{[Tag{name='nodeType', value='ELECTABLE'}, Tag{name='provider', value='AWS'}, Tag{name='region', value='AP_SOUTH_1'}, Tag{name='workloadType', value='OPERATIONAL'}]}, electionId=null, setVersion=4, topologyVersion=TopologyVersion{processId=628b4d008139d9fc7d0d1144, counter=3}, lastWriteDate=Mon May 30 03:37:13 IST 2022, lastUpdateTimeNanos=125207422932800}
2022-05-30 03:37:14,340 INFO  SLF4JLogger:71 - [] Opened connection [connectionId{localValue:40, serverValue:232229}] to mongodb-project-shard-00-00.xhnuc.mongodb.net:27017
2022-05-30 03:37:14,341 INFO  SLF4JLogger:71 - [] Monitor thread successfully connected to server with description ServerDescription{address=mongodb-project-shard-00-00.xhnuc.mongodb.net:27017, type=REPLICA_SET_SECONDARY, state=CONNECTED, ok=true, minWireVersion=0, maxWireVersion=13, maxDocumentSize=16777216, logicalSessionTimeoutMinutes=30, roundTripTimeNanos=205280000, setName='atlas-k85k74-shard-0', canonicalAddress=mongodb-project-shard-00-00.xhnuc.mongodb.net:27017, hosts=[mongodb-project-shard-00-00.xhnuc.mongodb.net:27017, mongodb-project-shard-00-01.xhnuc.mongodb.net:27017, mongodb-project-shard-00-02.xhnuc.mongodb.net:27017], passives=[], arbiters=[], primary='mongodb-project-shard-00-02.xhnuc.mongodb.net:27017', tagSet=TagSet{[Tag{name='nodeType', value='ELECTABLE'}, Tag{name='provider', value='AWS'}, Tag{name='region', value='AP_SOUTH_1'}, Tag{name='workloadType', value='OPERATIONAL'}]}, electionId=null, setVersion=4, topologyVersion=TopologyVersion{processId=628b4a818f117756fd48da45, counter=4}, lastWriteDate=Mon May 30 03:37:14 IST 2022, lastUpdateTimeNanos=125208401161800}
2022-05-30 08:44:25,620 INFO  SLF4JLogger:76 - [] Exception in monitor thread while connecting to server mongodb-project-shard-00-02.xhnuc.mongodb.net:27017
com.mongodb.MongoSocketReadException: Exception receiving message
	at com.mongodb.internal.connection.InternalStreamConnection.translateReadException(InternalStreamConnection.java:707)
	at com.mongodb.internal.connection.InternalStreamConnection.receiveMessageWithAdditionalTimeout(InternalStreamConnection.java:579)
	at com.mongodb.internal.connection.InternalStreamConnection.receiveCommandMessageResponse(InternalStreamConnection.java:415)
	at com.mongodb.internal.connection.InternalStreamConnection.receive(InternalStreamConnection.java:374)
	at com.mongodb.internal.connection.DefaultServerMonitor$ServerMonitorRunnable.lookupServerDescription(DefaultServerMonitor.java:216)
	at com.mongodb.internal.connection.DefaultServerMonitor$ServerMonitorRunnable.run(DefaultServerMonitor.java:152)
	at java.base/java.lang.Thread.run(Thread.java:833)
Caused by: java.net.SocketException: Socket is closed
	at java.base/java.net.Socket.setSoTimeout(Socket.java:1218)
	at java.base/sun.security.ssl.BaseSSLSocketImpl.setSoTimeout(BaseSSLSocketImpl.java:638)
	at java.base/sun.security.ssl.SSLSocketImpl.setSoTimeout(SSLSocketImpl.java:74)
	at com.mongodb.internal.connection.SocketStream.read(SocketStream.java:133)
	at com.mongodb.internal.connection.InternalStreamConnection.receiveResponseBuffers(InternalStreamConnection.java:718)
	at com.mongodb.internal.connection.InternalStreamConnection.receiveMessageWithAdditionalTimeout(InternalStreamConnection.java:576)
	... 5 common frames omitted
2022-05-30 08:44:25,631 INFO  SLF4JLogger:76 - [] Exception in monitor thread while connecting to server mongodb-project-shard-00-01.xhnuc.mongodb.net:27017
com.mongodb.MongoSocketReadException: Exception receiving message
	at com.mongodb.internal.connection.InternalStreamConnection.translateReadException(InternalStreamConnection.java:707)
	at com.mongodb.internal.connection.InternalStreamConnection.receiveMessageWithAdditionalTimeout(InternalStreamConnection.java:579)
	at com.mongodb.internal.connection.InternalStreamConnection.receiveCommandMessageResponse(InternalStreamConnection.java:415)
	at com.mongodb.internal.connection.InternalStreamConnection.receive(InternalStreamConnection.java:374)
	at com.mongodb.internal.connection.DefaultServerMonitor$ServerMonitorRunnable.lookupServerDescription(DefaultServerMonitor.java:216)
	at com.mongodb.internal.connection.DefaultServerMonitor$ServerMonitorRunnable.run(DefaultServerMonitor.java:152)
	at java.base/java.lang.Thread.run(Thread.java:833)
Caused by: java.net.SocketException: Socket is closed
	at java.base/java.net.Socket.setSoTimeout(Socket.java:1218)
	at java.base/sun.security.ssl.BaseSSLSocketImpl.setSoTimeout(BaseSSLSocketImpl.java:638)
	at java.base/sun.security.ssl.SSLSocketImpl.setSoTimeout(SSLSocketImpl.java:74)
	at com.mongodb.internal.connection.SocketStream.read(SocketStream.java:133)
	at com.mongodb.internal.connection.InternalStreamConnection.receiveResponseBuffers(InternalStreamConnection.java:718)
	at com.mongodb.internal.connection.InternalStreamConnection.receiveMessageWithAdditionalTimeout(InternalStreamConnection.java:576)
	... 5 common frames omitted
2022-05-30 08:44:25,632 INFO  SLF4JLogger:76 - [] Exception in monitor thread while connecting to server mongodb-project-shard-00-00.xhnuc.mongodb.net:27017
com.mongodb.MongoSocketReadException: Exception receiving message
	at com.mongodb.internal.connection.InternalStreamConnection.translateReadException(InternalStreamConnection.java:707)
	at com.mongodb.internal.connection.InternalStreamConnection.receiveMessageWithAdditionalTimeout(InternalStreamConnection.java:579)
	at com.mongodb.internal.connection.InternalStreamConnection.receiveCommandMessageResponse(InternalStreamConnection.java:415)
	at com.mongodb.internal.connection.InternalStreamConnection.receive(InternalStreamConnection.java:374)
	at com.mongodb.internal.connection.DefaultServerMonitor$ServerMonitorRunnable.lookupServerDescription(DefaultServerMonitor.java:216)
	at com.mongodb.internal.connection.DefaultServerMonitor$ServerMonitorRunnable.run(DefaultServerMonitor.java:152)
	at java.base/java.lang.Thread.run(Thread.java:833)
Caused by: java.net.SocketException: Socket is closed
	at java.base/java.net.Socket.setSoTimeout(Socket.java:1218)
	at java.base/sun.security.ssl.BaseSSLSocketImpl.setSoTimeout(BaseSSLSocketImpl.java:638)
	at java.base/sun.security.ssl.SSLSocketImpl.setSoTimeout(SSLSocketImpl.java:74)
	at com.mongodb.internal.connection.SocketStream.read(SocketStream.java:133)
	at com.mongodb.internal.connection.InternalStreamConnection.receiveResponseBuffers(InternalStreamConnection.java:718)
	at com.mongodb.internal.connection.InternalStreamConnection.receiveMessageWithAdditionalTimeout(InternalStreamConnection.java:576)
	... 5 common frames omitted
2022-05-30 08:44:26,402 INFO  SLF4JLogger:71 - [] Opened connection [connectionId{localValue:43, serverValue:236087}] to mongodb-project-shard-00-01.xhnuc.mongodb.net:27017
2022-05-30 08:44:26,413 INFO  SLF4JLogger:71 - [] Monitor thread successfully connected to server with description ServerDescription{address=mongodb-project-shard-00-01.xhnuc.mongodb.net:27017, type=REPLICA_SET_SECONDARY, state=CONNECTED, ok=true, minWireVersion=0, maxWireVersion=13, maxDocumentSize=16777216, logicalSessionTimeoutMinutes=30, roundTripTimeNanos=736262400, setName='atlas-k85k74-shard-0', canonicalAddress=mongodb-project-shard-00-01.xhnuc.mongodb.net:27017, hosts=[mongodb-project-shard-00-00.xhnuc.mongodb.net:27017, mongodb-project-shard-00-01.xhnuc.mongodb.net:27017, mongodb-project-shard-00-02.xhnuc.mongodb.net:27017], passives=[], arbiters=[], primary='mongodb-project-shard-00-02.xhnuc.mongodb.net:27017', tagSet=TagSet{[Tag{name='nodeType', value='ELECTABLE'}, Tag{name='provider', value='AWS'}, Tag{name='region', value='AP_SOUTH_1'}, Tag{name='workloadType', value='OPERATIONAL'}]}, electionId=null, setVersion=4, topologyVersion=TopologyVersion{processId=628b4d008139d9fc7d0d1144, counter=3}, lastWriteDate=Mon May 30 08:44:27 IST 2022, lastUpdateTimeNanos=143642773696300}
2022-05-30 08:44:26,402 INFO  SLF4JLogger:71 - [] Opened connection [connectionId{localValue:44, serverValue:236726}] to mongodb-project-shard-00-00.xhnuc.mongodb.net:27017
2022-05-30 08:44:26,414 INFO  SLF4JLogger:71 - [] Monitor thread successfully connected to server with description ServerDescription{address=mongodb-project-shard-00-00.xhnuc.mongodb.net:27017, type=REPLICA_SET_SECONDARY, state=CONNECTED, ok=true, minWireVersion=0, maxWireVersion=13, maxDocumentSize=16777216, logicalSessionTimeoutMinutes=30, roundTripTimeNanos=738585800, setName='atlas-k85k74-shard-0', canonicalAddress=mongodb-project-shard-00-00.xhnuc.mongodb.net:27017, hosts=[mongodb-project-shard-00-00.xhnuc.mongodb.net:27017, mongodb-project-shard-00-01.xhnuc.mongodb.net:27017, mongodb-project-shard-00-02.xhnuc.mongodb.net:27017], passives=[], arbiters=[], primary='mongodb-project-shard-00-02.xhnuc.mongodb.net:27017', tagSet=TagSet{[Tag{name='nodeType', value='ELECTABLE'}, Tag{name='provider', value='AWS'}, Tag{name='region', value='AP_SOUTH_1'}, Tag{name='workloadType', value='OPERATIONAL'}]}, electionId=null, setVersion=4, topologyVersion=TopologyVersion{processId=628b4a818f117756fd48da45, counter=4}, lastWriteDate=Mon May 30 08:44:27 IST 2022, lastUpdateTimeNanos=143642773841300}
2022-05-30 08:44:26,518 INFO  SLF4JLogger:71 - [] Opened connection [connectionId{localValue:45, serverValue:236729}] to mongodb-project-shard-00-00.xhnuc.mongodb.net:27017
2022-05-30 08:44:26,540 INFO  SLF4JLogger:71 - [] Opened connection [connectionId{localValue:47, serverValue:236088}] to mongodb-project-shard-00-01.xhnuc.mongodb.net:27017
2022-05-30 08:44:26,581 INFO  SLF4JLogger:71 - [] Opened connection [connectionId{localValue:42, serverValue:250276}] to mongodb-project-shard-00-02.xhnuc.mongodb.net:27017
2022-05-30 08:44:26,582 INFO  SLF4JLogger:71 - [] Monitor thread successfully connected to server with description ServerDescription{address=mongodb-project-shard-00-02.xhnuc.mongodb.net:27017, type=REPLICA_SET_PRIMARY, state=CONNECTED, ok=true, minWireVersion=0, maxWireVersion=13, maxDocumentSize=16777216, logicalSessionTimeoutMinutes=30, roundTripTimeNanos=79095700, setName='atlas-k85k74-shard-0', canonicalAddress=mongodb-project-shard-00-02.xhnuc.mongodb.net:27017, hosts=[mongodb-project-shard-00-00.xhnuc.mongodb.net:27017, mongodb-project-shard-00-01.xhnuc.mongodb.net:27017, mongodb-project-shard-00-02.xhnuc.mongodb.net:27017], passives=[], arbiters=[], primary='mongodb-project-shard-00-02.xhnuc.mongodb.net:27017', tagSet=TagSet{[Tag{name='nodeType', value='ELECTABLE'}, Tag{name='provider', value='AWS'}, Tag{name='region', value='AP_SOUTH_1'}, Tag{name='workloadType', value='OPERATIONAL'}]}, electionId=7fffffff0000000000000056, setVersion=4, topologyVersion=TopologyVersion{processId=628b4bc001fa9257173999f9, counter=6}, lastWriteDate=Mon May 30 08:44:27 IST 2022, lastUpdateTimeNanos=143642953103200}
2022-05-30 08:44:26,583 INFO  SLF4JLogger:71 - [] Discovered replica set primary mongodb-project-shard-00-02.xhnuc.mongodb.net:27017
2022-05-30 08:44:26,607 INFO  SLF4JLogger:71 - [] Opened connection [connectionId{localValue:46, serverValue:250276}] to mongodb-project-shard-00-02.xhnuc.mongodb.net:27017
2022-05-30 08:47:07,053 INFO  ConfigClusterResolver:43 - [] Resolving eureka endpoints via configuration
2022-05-30 08:50:53,307 INFO  SLF4JLogger:71 - [] Opened connection [connectionId{localValue:48, serverValue:250295}] to mongodb-project-shard-00-02.xhnuc.mongodb.net:27017
2022-05-30 08:52:07,076 INFO  ConfigClusterResolver:43 - [] Resolving eureka endpoints via configuration
2022-05-30 08:57:07,087 INFO  ConfigClusterResolver:43 - [] Resolving eureka endpoints via configuration
2022-05-30 09:02:07,098 INFO  ConfigClusterResolver:43 - [] Resolving eureka endpoints via configuration
2022-05-30 09:07:07,112 INFO  ConfigClusterResolver:43 - [] Resolving eureka endpoints via configuration
2022-05-30 09:12:07,123 INFO  ConfigClusterResolver:43 - [] Resolving eureka endpoints via configuration
2022-05-30 09:17:07,133 INFO  ConfigClusterResolver:43 - [] Resolving eureka endpoints via configuration
2022-05-30 09:22:07,140 INFO  ConfigClusterResolver:43 - [] Resolving eureka endpoints via configuration
2022-05-30 09:27:07,149 INFO  ConfigClusterResolver:43 - [] Resolving eureka endpoints via configuration
2022-05-30 09:32:07,167 INFO  ConfigClusterResolver:43 - [] Resolving eureka endpoints via configuration
2022-05-30 09:37:07,171 INFO  ConfigClusterResolver:43 - [] Resolving eureka endpoints via configuration
2022-05-30 09:42:07,181 INFO  ConfigClusterResolver:43 - [] Resolving eureka endpoints via configuration
2022-05-30 09:47:07,189 INFO  ConfigClusterResolver:43 - [] Resolving eureka endpoints via configuration
2022-05-30 09:52:07,195 INFO  ConfigClusterResolver:43 - [] Resolving eureka endpoints via configuration
2022-05-30 09:57:07,209 INFO  ConfigClusterResolver:43 - [] Resolving eureka endpoints via configuration
2022-05-30 10:02:07,219 INFO  ConfigClusterResolver:43 - [] Resolving eureka endpoints via configuration
2022-05-30 10:07:07,223 INFO  ConfigClusterResolver:43 - [] Resolving eureka endpoints via configuration
2022-05-30 10:12:07,229 INFO  ConfigClusterResolver:43 - [] Resolving eureka endpoints via configuration
2022-05-30 10:17:07,250 INFO  ConfigClusterResolver:43 - [] Resolving eureka endpoints via configuration
2022-05-30 10:22:07,284 INFO  ConfigClusterResolver:43 - [] Resolving eureka endpoints via configuration
2022-05-30 10:27:07,288 INFO  ConfigClusterResolver:43 - [] Resolving eureka endpoints via configuration
2022-05-30 10:32:07,307 INFO  ConfigClusterResolver:43 - [] Resolving eureka endpoints via configuration
2022-05-30 10:37:07,321 INFO  ConfigClusterResolver:43 - [] Resolving eureka endpoints via configuration
2022-05-30 10:39:01,291 INFO  SLF4JLogger:76 - [] Exception in monitor thread while connecting to server mongodb-project-shard-00-00.xhnuc.mongodb.net:27017
com.mongodb.MongoSocketReadTimeoutException: Timeout while receiving message
	at com.mongodb.internal.connection.InternalStreamConnection.translateReadException(InternalStreamConnection.java:701)
	at com.mongodb.internal.connection.InternalStreamConnection.receiveMessageWithAdditionalTimeout(InternalStreamConnection.java:579)
	at com.mongodb.internal.connection.InternalStreamConnection.receiveCommandMessageResponse(InternalStreamConnection.java:415)
	at com.mongodb.internal.connection.InternalStreamConnection.receive(InternalStreamConnection.java:374)
	at com.mongodb.internal.connection.DefaultServerMonitor$ServerMonitorRunnable.lookupServerDescription(DefaultServerMonitor.java:216)
	at com.mongodb.internal.connection.DefaultServerMonitor$ServerMonitorRunnable.run(DefaultServerMonitor.java:152)
	at java.base/java.lang.Thread.run(Thread.java:833)
Caused by: java.net.SocketTimeoutException: Read timed out
	at java.base/sun.nio.ch.NioSocketImpl.timedRead(NioSocketImpl.java:283)
	at java.base/sun.nio.ch.NioSocketImpl.implRead(NioSocketImpl.java:309)
	at java.base/sun.nio.ch.NioSocketImpl.read(NioSocketImpl.java:350)
	at java.base/sun.nio.ch.NioSocketImpl$1.read(NioSocketImpl.java:803)
	at java.base/java.net.Socket$SocketInputStream.read(Socket.java:966)
	at java.base/sun.security.ssl.SSLSocketInputRecord.read(SSLSocketInputRecord.java:478)
	at java.base/sun.security.ssl.SSLSocketInputRecord.readHeader(SSLSocketInputRecord.java:472)
	at java.base/sun.security.ssl.SSLSocketInputRecord.bytesInCompletePacket(SSLSocketInputRecord.java:70)
	at java.base/sun.security.ssl.SSLSocketImpl.readApplicationRecord(SSLSocketImpl.java:1455)
	at java.base/sun.security.ssl.SSLSocketImpl$AppInputStream.read(SSLSocketImpl.java:1059)
	at com.mongodb.internal.connection.SocketStream.read(SocketStream.java:109)
	at com.mongodb.internal.connection.SocketStream.read(SocketStream.java:131)
	at com.mongodb.internal.connection.InternalStreamConnection.receiveResponseBuffers(InternalStreamConnection.java:718)
	at com.mongodb.internal.connection.InternalStreamConnection.receiveMessageWithAdditionalTimeout(InternalStreamConnection.java:576)
	... 5 common frames omitted
2022-05-30 10:39:01,293 INFO  SLF4JLogger:76 - [] Exception in monitor thread while connecting to server mongodb-project-shard-00-02.xhnuc.mongodb.net:27017
com.mongodb.MongoSocketReadTimeoutException: Timeout while receiving message
	at com.mongodb.internal.connection.InternalStreamConnection.translateReadException(InternalStreamConnection.java:701)
	at com.mongodb.internal.connection.InternalStreamConnection.receiveMessageWithAdditionalTimeout(InternalStreamConnection.java:579)
	at com.mongodb.internal.connection.InternalStreamConnection.receiveCommandMessageResponse(InternalStreamConnection.java:415)
	at com.mongodb.internal.connection.InternalStreamConnection.receive(InternalStreamConnection.java:374)
	at com.mongodb.internal.connection.DefaultServerMonitor$ServerMonitorRunnable.lookupServerDescription(DefaultServerMonitor.java:216)
	at com.mongodb.internal.connection.DefaultServerMonitor$ServerMonitorRunnable.run(DefaultServerMonitor.java:152)
	at java.base/java.lang.Thread.run(Thread.java:833)
Caused by: java.net.SocketTimeoutException: Read timed out
	at java.base/sun.nio.ch.NioSocketImpl.timedRead(NioSocketImpl.java:283)
	at java.base/sun.nio.ch.NioSocketImpl.implRead(NioSocketImpl.java:309)
	at java.base/sun.nio.ch.NioSocketImpl.read(NioSocketImpl.java:350)
	at java.base/sun.nio.ch.NioSocketImpl$1.read(NioSocketImpl.java:803)
	at java.base/java.net.Socket$SocketInputStream.read(Socket.java:966)
	at java.base/sun.security.ssl.SSLSocketInputRecord.read(SSLSocketInputRecord.java:478)
	at java.base/sun.security.ssl.SSLSocketInputRecord.readHeader(SSLSocketInputRecord.java:472)
	at java.base/sun.security.ssl.SSLSocketInputRecord.bytesInCompletePacket(SSLSocketInputRecord.java:70)
	at java.base/sun.security.ssl.SSLSocketImpl.readApplicationRecord(SSLSocketImpl.java:1455)
	at java.base/sun.security.ssl.SSLSocketImpl$AppInputStream.read(SSLSocketImpl.java:1059)
	at com.mongodb.internal.connection.SocketStream.read(SocketStream.java:109)
	at com.mongodb.internal.connection.SocketStream.read(SocketStream.java:131)
	at com.mongodb.internal.connection.InternalStreamConnection.receiveResponseBuffers(InternalStreamConnection.java:718)
	at com.mongodb.internal.connection.InternalStreamConnection.receiveMessageWithAdditionalTimeout(InternalStreamConnection.java:576)
	... 5 common frames omitted
2022-05-30 10:39:01,321 INFO  SLF4JLogger:76 - [] Exception in monitor thread while connecting to server mongodb-project-shard-00-02.xhnuc.mongodb.net:27017
com.mongodb.MongoSocketException: No such host is known (mongodb-project-shard-00-02.xhnuc.mongodb.net)
	at com.mongodb.ServerAddress.getSocketAddresses(ServerAddress.java:211)
	at com.mongodb.internal.connection.SocketStream.initializeSocket(SocketStream.java:75)
	at com.mongodb.internal.connection.SocketStream.open(SocketStream.java:65)
	at com.mongodb.internal.connection.InternalStreamConnection.open(InternalStreamConnection.java:180)
	at com.mongodb.internal.connection.DefaultServerMonitor$ServerMonitorRunnable.lookupServerDescription(DefaultServerMonitor.java:188)
	at com.mongodb.internal.connection.DefaultServerMonitor$ServerMonitorRunnable.run(DefaultServerMonitor.java:152)
	at java.base/java.lang.Thread.run(Thread.java:833)
Caused by: java.net.UnknownHostException: No such host is known (mongodb-project-shard-00-02.xhnuc.mongodb.net)
	at java.base/java.net.Inet6AddressImpl.lookupAllHostAddr(Native Method)
	at java.base/java.net.InetAddress$PlatformNameService.lookupAllHostAddr(InetAddress.java:933)
	at java.base/java.net.InetAddress.getAddressesFromNameService(InetAddress.java:1519)
	at java.base/java.net.InetAddress$NameServiceAddresses.get(InetAddress.java:852)
	at java.base/java.net.InetAddress.getAllByName0(InetAddress.java:1509)
	at java.base/java.net.InetAddress.getAllByName(InetAddress.java:1367)
	at java.base/java.net.InetAddress.getAllByName(InetAddress.java:1301)
	at com.mongodb.ServerAddress.getSocketAddresses(ServerAddress.java:203)
	... 6 common frames omitted
2022-05-30 10:39:01,321 INFO  SLF4JLogger:76 - [] Exception in monitor thread while connecting to server mongodb-project-shard-00-00.xhnuc.mongodb.net:27017
com.mongodb.MongoSocketException: No such host is known (mongodb-project-shard-00-00.xhnuc.mongodb.net)
	at com.mongodb.ServerAddress.getSocketAddresses(ServerAddress.java:211)
	at com.mongodb.internal.connection.SocketStream.initializeSocket(SocketStream.java:75)
	at com.mongodb.internal.connection.SocketStream.open(SocketStream.java:65)
	at com.mongodb.internal.connection.InternalStreamConnection.open(InternalStreamConnection.java:180)
	at com.mongodb.internal.connection.DefaultServerMonitor$ServerMonitorRunnable.lookupServerDescription(DefaultServerMonitor.java:188)
	at com.mongodb.internal.connection.DefaultServerMonitor$ServerMonitorRunnable.run(DefaultServerMonitor.java:152)
	at java.base/java.lang.Thread.run(Thread.java:833)
Caused by: java.net.UnknownHostException: No such host is known (mongodb-project-shard-00-00.xhnuc.mongodb.net)
	at java.base/java.net.Inet6AddressImpl.lookupAllHostAddr(Native Method)
	at java.base/java.net.InetAddress$PlatformNameService.lookupAllHostAddr(InetAddress.java:933)
	at java.base/java.net.InetAddress.getAddressesFromNameService(InetAddress.java:1519)
	at java.base/java.net.InetAddress$NameServiceAddresses.get(InetAddress.java:852)
	at java.base/java.net.InetAddress.getAllByName0(InetAddress.java:1509)
	at java.base/java.net.InetAddress.getAllByName(InetAddress.java:1367)
	at java.base/java.net.InetAddress.getAllByName(InetAddress.java:1301)
	at com.mongodb.ServerAddress.getSocketAddresses(ServerAddress.java:203)
	... 6 common frames omitted
2022-05-30 10:39:10,840 INFO  SLF4JLogger:76 - [] Exception in monitor thread while connecting to server mongodb-project-shard-00-01.xhnuc.mongodb.net:27017
com.mongodb.MongoSocketReadTimeoutException: Timeout while receiving message
	at com.mongodb.internal.connection.InternalStreamConnection.translateReadException(InternalStreamConnection.java:701)
	at com.mongodb.internal.connection.InternalStreamConnection.receiveMessageWithAdditionalTimeout(InternalStreamConnection.java:579)
	at com.mongodb.internal.connection.InternalStreamConnection.receiveCommandMessageResponse(InternalStreamConnection.java:415)
	at com.mongodb.internal.connection.InternalStreamConnection.receive(InternalStreamConnection.java:374)
	at com.mongodb.internal.connection.DefaultServerMonitor$ServerMonitorRunnable.lookupServerDescription(DefaultServerMonitor.java:216)
	at com.mongodb.internal.connection.DefaultServerMonitor$ServerMonitorRunnable.run(DefaultServerMonitor.java:152)
	at java.base/java.lang.Thread.run(Thread.java:833)
Caused by: java.net.SocketTimeoutException: Read timed out
	at java.base/sun.nio.ch.NioSocketImpl.timedRead(NioSocketImpl.java:283)
	at java.base/sun.nio.ch.NioSocketImpl.implRead(NioSocketImpl.java:309)
	at java.base/sun.nio.ch.NioSocketImpl.read(NioSocketImpl.java:350)
	at java.base/sun.nio.ch.NioSocketImpl$1.read(NioSocketImpl.java:803)
	at java.base/java.net.Socket$SocketInputStream.read(Socket.java:966)
	at java.base/sun.security.ssl.SSLSocketInputRecord.read(SSLSocketInputRecord.java:478)
	at java.base/sun.security.ssl.SSLSocketInputRecord.readHeader(SSLSocketInputRecord.java:472)
	at java.base/sun.security.ssl.SSLSocketInputRecord.bytesInCompletePacket(SSLSocketInputRecord.java:70)
	at java.base/sun.security.ssl.SSLSocketImpl.readApplicationRecord(SSLSocketImpl.java:1455)
	at java.base/sun.security.ssl.SSLSocketImpl$AppInputStream.read(SSLSocketImpl.java:1059)
	at com.mongodb.internal.connection.SocketStream.read(SocketStream.java:109)
	at com.mongodb.internal.connection.SocketStream.read(SocketStream.java:131)
	at com.mongodb.internal.connection.InternalStreamConnection.receiveResponseBuffers(InternalStreamConnection.java:718)
	at com.mongodb.internal.connection.InternalStreamConnection.receiveMessageWithAdditionalTimeout(InternalStreamConnection.java:576)
	... 5 common frames omitted
2022-05-30 10:39:10,844 INFO  SLF4JLogger:76 - [] Exception in monitor thread while connecting to server mongodb-project-shard-00-01.xhnuc.mongodb.net:27017
com.mongodb.MongoSocketException: No such host is known (mongodb-project-shard-00-01.xhnuc.mongodb.net)
	at com.mongodb.ServerAddress.getSocketAddresses(ServerAddress.java:211)
	at com.mongodb.internal.connection.SocketStream.initializeSocket(SocketStream.java:75)
	at com.mongodb.internal.connection.SocketStream.open(SocketStream.java:65)
	at com.mongodb.internal.connection.InternalStreamConnection.open(InternalStreamConnection.java:180)
	at com.mongodb.internal.connection.DefaultServerMonitor$ServerMonitorRunnable.lookupServerDescription(DefaultServerMonitor.java:188)
	at com.mongodb.internal.connection.DefaultServerMonitor$ServerMonitorRunnable.run(DefaultServerMonitor.java:152)
	at java.base/java.lang.Thread.run(Thread.java:833)
Caused by: java.net.UnknownHostException: No such host is known (mongodb-project-shard-00-01.xhnuc.mongodb.net)
	at java.base/java.net.Inet6AddressImpl.lookupAllHostAddr(Native Method)
	at java.base/java.net.InetAddress$PlatformNameService.lookupAllHostAddr(InetAddress.java:933)
	at java.base/java.net.InetAddress.getAddressesFromNameService(InetAddress.java:1519)
	at java.base/java.net.InetAddress$NameServiceAddresses.get(InetAddress.java:852)
	at java.base/java.net.InetAddress.getAllByName0(InetAddress.java:1509)
	at java.base/java.net.InetAddress.getAllByName(InetAddress.java:1367)
	at java.base/java.net.InetAddress.getAllByName(InetAddress.java:1301)
	at com.mongodb.ServerAddress.getSocketAddresses(ServerAddress.java:203)
	... 6 common frames omitted
2022-05-30 10:39:11,327 INFO  SLF4JLogger:76 - [] Exception in monitor thread while connecting to server mongodb-project-shard-00-02.xhnuc.mongodb.net:27017
com.mongodb.MongoSocketException: mongodb-project-shard-00-02.xhnuc.mongodb.net
	at com.mongodb.ServerAddress.getSocketAddresses(ServerAddress.java:211)
	at com.mongodb.internal.connection.SocketStream.initializeSocket(SocketStream.java:75)
	at com.mongodb.internal.connection.SocketStream.open(SocketStream.java:65)
	at com.mongodb.internal.connection.InternalStreamConnection.open(InternalStreamConnection.java:180)
	at com.mongodb.internal.connection.DefaultServerMonitor$ServerMonitorRunnable.lookupServerDescription(DefaultServerMonitor.java:188)
	at com.mongodb.internal.connection.DefaultServerMonitor$ServerMonitorRunnable.run(DefaultServerMonitor.java:152)
	at java.base/java.lang.Thread.run(Thread.java:833)
Caused by: java.net.UnknownHostException: mongodb-project-shard-00-02.xhnuc.mongodb.net
	at java.base/java.net.InetAddress$CachedAddresses.get(InetAddress.java:801)
	at java.base/java.net.InetAddress.getAllByName0(InetAddress.java:1509)
	at java.base/java.net.InetAddress.getAllByName(InetAddress.java:1367)
	at java.base/java.net.InetAddress.getAllByName(InetAddress.java:1301)
	at com.mongodb.ServerAddress.getSocketAddresses(ServerAddress.java:203)
	... 6 common frames omitted
2022-05-30 10:39:21,329 INFO  SLF4JLogger:76 - [] Exception in monitor thread while connecting to server mongodb-project-shard-00-00.xhnuc.mongodb.net:27017
com.mongodb.MongoSocketException: mongodb-project-shard-00-00.xhnuc.mongodb.net
	at com.mongodb.ServerAddress.getSocketAddresses(ServerAddress.java:211)
	at com.mongodb.internal.connection.SocketStream.initializeSocket(SocketStream.java:75)
	at com.mongodb.internal.connection.SocketStream.open(SocketStream.java:65)
	at com.mongodb.internal.connection.InternalStreamConnection.open(InternalStreamConnection.java:180)
	at com.mongodb.internal.connection.DefaultServerMonitor$ServerMonitorRunnable.lookupServerDescription(DefaultServerMonitor.java:188)
	at com.mongodb.internal.connection.DefaultServerMonitor$ServerMonitorRunnable.run(DefaultServerMonitor.java:152)
	at java.base/java.lang.Thread.run(Thread.java:833)
Caused by: java.net.UnknownHostException: mongodb-project-shard-00-00.xhnuc.mongodb.net
	at java.base/java.net.InetAddress$CachedAddresses.get(InetAddress.java:801)
	at java.base/java.net.InetAddress.getAllByName0(InetAddress.java:1509)
	at java.base/java.net.InetAddress.getAllByName(InetAddress.java:1367)
	at java.base/java.net.InetAddress.getAllByName(InetAddress.java:1301)
	at com.mongodb.ServerAddress.getSocketAddresses(ServerAddress.java:203)
	... 6 common frames omitted
2022-05-30 10:39:48,043 INFO  SLF4JLogger:71 - [] Opened connection [connectionId{localValue:67, serverValue:252651}] to mongodb-project-shard-00-02.xhnuc.mongodb.net:27017
2022-05-30 10:39:48,420 INFO  SLF4JLogger:71 - [] Opened connection [connectionId{localValue:70, serverValue:239073}] to mongodb-project-shard-00-00.xhnuc.mongodb.net:27017
2022-05-30 10:39:49,237 INFO  SLF4JLogger:71 - [] Opened connection [connectionId{localValue:71, serverValue:238434}] to mongodb-project-shard-00-01.xhnuc.mongodb.net:27017
2022-05-30 10:39:49,244 INFO  SLF4JLogger:71 - [] Monitor thread successfully connected to server with description ServerDescription{address=mongodb-project-shard-00-01.xhnuc.mongodb.net:27017, type=REPLICA_SET_SECONDARY, state=CONNECTED, ok=true, minWireVersion=0, maxWireVersion=13, maxDocumentSize=16777216, logicalSessionTimeoutMinutes=30, roundTripTimeNanos=78948800, setName='atlas-k85k74-shard-0', canonicalAddress=mongodb-project-shard-00-01.xhnuc.mongodb.net:27017, hosts=[mongodb-project-shard-00-00.xhnuc.mongodb.net:27017, mongodb-project-shard-00-01.xhnuc.mongodb.net:27017, mongodb-project-shard-00-02.xhnuc.mongodb.net:27017], passives=[], arbiters=[], primary='mongodb-project-shard-00-02.xhnuc.mongodb.net:27017', tagSet=TagSet{[Tag{name='nodeType', value='ELECTABLE'}, Tag{name='provider', value='AWS'}, Tag{name='region', value='AP_SOUTH_1'}, Tag{name='workloadType', value='OPERATIONAL'}]}, electionId=null, setVersion=4, topologyVersion=TopologyVersion{processId=628b4d008139d9fc7d0d1144, counter=3}, lastWriteDate=Mon May 30 10:39:49 IST 2022, lastUpdateTimeNanos=150565608828900}
2022-05-30 10:39:57,993 INFO  SLF4JLogger:71 - [] Opened connection [connectionId{localValue:73, serverValue:252675}] to mongodb-project-shard-00-02.xhnuc.mongodb.net:27017
2022-05-30 10:39:57,994 INFO  SLF4JLogger:71 - [] Monitor thread successfully connected to server with description ServerDescription{address=mongodb-project-shard-00-02.xhnuc.mongodb.net:27017, type=REPLICA_SET_PRIMARY, state=CONNECTED, ok=true, minWireVersion=0, maxWireVersion=13, maxDocumentSize=16777216, logicalSessionTimeoutMinutes=30, roundTripTimeNanos=297274000, setName='atlas-k85k74-shard-0', canonicalAddress=mongodb-project-shard-00-02.xhnuc.mongodb.net:27017, hosts=[mongodb-project-shard-00-00.xhnuc.mongodb.net:27017, mongodb-project-shard-00-01.xhnuc.mongodb.net:27017, mongodb-project-shard-00-02.xhnuc.mongodb.net:27017], passives=[], arbiters=[], primary='mongodb-project-shard-00-02.xhnuc.mongodb.net:27017', tagSet=TagSet{[Tag{name='nodeType', value='ELECTABLE'}, Tag{name='provider', value='AWS'}, Tag{name='region', value='AP_SOUTH_1'}, Tag{name='workloadType', value='OPERATIONAL'}]}, electionId=7fffffff0000000000000056, setVersion=4, topologyVersion=TopologyVersion{processId=628b4bc001fa9257173999f9, counter=6}, lastWriteDate=Mon May 30 10:39:58 IST 2022, lastUpdateTimeNanos=150574365160000}
2022-05-30 10:39:57,994 INFO  SLF4JLogger:71 - [] Discovered replica set primary mongodb-project-shard-00-02.xhnuc.mongodb.net:27017
2022-05-30 10:39:58,484 INFO  SLF4JLogger:71 - [] Opened connection [connectionId{localValue:74, serverValue:239085}] to mongodb-project-shard-00-00.xhnuc.mongodb.net:27017
2022-05-30 10:39:58,485 INFO  SLF4JLogger:71 - [] Monitor thread successfully connected to server with description ServerDescription{address=mongodb-project-shard-00-00.xhnuc.mongodb.net:27017, type=REPLICA_SET_SECONDARY, state=CONNECTED, ok=true, minWireVersion=0, maxWireVersion=13, maxDocumentSize=16777216, logicalSessionTimeoutMinutes=30, roundTripTimeNanos=120589200, setName='atlas-k85k74-shard-0', canonicalAddress=mongodb-project-shard-00-00.xhnuc.mongodb.net:27017, hosts=[mongodb-project-shard-00-00.xhnuc.mongodb.net:27017, mongodb-project-shard-00-01.xhnuc.mongodb.net:27017, mongodb-project-shard-00-02.xhnuc.mongodb.net:27017], passives=[], arbiters=[], primary='mongodb-project-shard-00-02.xhnuc.mongodb.net:27017', tagSet=TagSet{[Tag{name='nodeType', value='ELECTABLE'}, Tag{name='provider', value='AWS'}, Tag{name='region', value='AP_SOUTH_1'}, Tag{name='workloadType', value='OPERATIONAL'}]}, electionId=null, setVersion=4, topologyVersion=TopologyVersion{processId=628b4a818f117756fd48da45, counter=4}, lastWriteDate=Mon May 30 10:39:58 IST 2022, lastUpdateTimeNanos=150574855896400}
2022-05-30 10:39:59,233 INFO  SLF4JLogger:71 - [] Opened connection [connectionId{localValue:75, serverValue:238449}] to mongodb-project-shard-00-01.xhnuc.mongodb.net:27017
2022-05-30 10:42:07,339 INFO  ConfigClusterResolver:43 - [] Resolving eureka endpoints via configuration
2022-05-30 10:47:07,351 INFO  ConfigClusterResolver:43 - [] Resolving eureka endpoints via configuration
2022-05-30 10:52:07,357 INFO  ConfigClusterResolver:43 - [] Resolving eureka endpoints via configuration
2022-05-30 10:57:07,370 INFO  ConfigClusterResolver:43 - [] Resolving eureka endpoints via configuration
2022-05-30 11:02:07,388 INFO  ConfigClusterResolver:43 - [] Resolving eureka endpoints via configuration
2022-05-30 11:07:07,409 INFO  ConfigClusterResolver:43 - [] Resolving eureka endpoints via configuration
2022-05-30 11:12:07,435 INFO  ConfigClusterResolver:43 - [] Resolving eureka endpoints via configuration
2022-05-30 11:17:07,454 INFO  ConfigClusterResolver:43 - [] Resolving eureka endpoints via configuration
2022-05-30 11:22:07,458 INFO  ConfigClusterResolver:43 - [] Resolving eureka endpoints via configuration
2022-05-30 11:27:07,467 INFO  ConfigClusterResolver:43 - [] Resolving eureka endpoints via configuration
2022-05-30 11:32:07,483 INFO  ConfigClusterResolver:43 - [] Resolving eureka endpoints via configuration
2022-05-30 11:37:07,496 INFO  ConfigClusterResolver:43 - [] Resolving eureka endpoints via configuration
2022-05-30 11:42:07,503 INFO  ConfigClusterResolver:43 - [] Resolving eureka endpoints via configuration
2022-05-30 11:47:07,523 INFO  ConfigClusterResolver:43 - [] Resolving eureka endpoints via configuration
2022-05-30 11:52:07,537 INFO  ConfigClusterResolver:43 - [] Resolving eureka endpoints via configuration
2022-05-30 11:57:07,548 INFO  ConfigClusterResolver:43 - [] Resolving eureka endpoints via configuration
2022-05-30 12:02:07,555 INFO  ConfigClusterResolver:43 - [] Resolving eureka endpoints via configuration
2022-05-30 12:07:07,562 INFO  ConfigClusterResolver:43 - [] Resolving eureka endpoints via configuration
2022-05-30 12:12:07,585 INFO  ConfigClusterResolver:43 - [] Resolving eureka endpoints via configuration
2022-05-30 12:17:07,602 INFO  ConfigClusterResolver:43 - [] Resolving eureka endpoints via configuration
2022-05-30 12:22:07,611 INFO  ConfigClusterResolver:43 - [] Resolving eureka endpoints via configuration
2022-05-30 12:27:07,616 INFO  ConfigClusterResolver:43 - [] Resolving eureka endpoints via configuration
2022-05-30 12:32:07,637 INFO  ConfigClusterResolver:43 - [] Resolving eureka endpoints via configuration
2022-05-30 12:37:07,642 INFO  ConfigClusterResolver:43 - [] Resolving eureka endpoints via configuration
